2021-04-28 11:02:44 -0600	/Users/cgoodnight/Documents/Automation/logs/NewUserRemoveItemsFromCart_Add2Newresults4_28_2021_11_2.txt opened
2021-04-28 11:02:44 -0600	Using the environment_variables.txt values
2021-04-28 11:02:45 -0600	You selected integration.deliverybizpro.com with browser=Google Chrome
2021-04-28 11:02:45 -0600	

Started test NewUserRemoveItemsFromCart_Add2New.rb at 4_28_2021_11_2
2021-04-28 11:02:45 -0600	Browser= chrome Mozilla/5.0 (Macintosh; Intel Mac OS X 10_15_7) AppleWebKit/537.36 (KHTML, like Gecko) Chrome/90.0.4430.85 Safari/537.36
2021-04-28 11:02:45 -0600	OS = x86_64-darwin18
2021-04-28 11:02:47 -0600	Current URL = https://integration.deliverybizpro.com/login
2021-04-28 11:02:47 -0600	-->Entering '4_28_2021_Default_Cust@mailinator.com' into Username
2021-04-28 11:02:49 -0600	-->Entering 'getswift' into Password
2021-04-28 11:02:51 -0600	-->Clicking Login Button 
2021-04-28 11:02:53 -0600	-->Clicking User Cart 
2021-04-28 11:02:54 -0600	There are 5 item(s) in the cart before removing Cristina's box
2021-04-28 11:02:54 -0600	-->Clicking the X next to Cristina's box in the cart
2021-04-28 11:02:54 -0600	 <font color="red">______FAILURE!!! Previous line failed-Continuing on__________</font>
2021-04-28 11:02:54 -0600	There are 5 item(s) in the cart before removing Dustin Pre-Order
2021-04-28 11:02:54 -0600	-->Clicking the X next to Dustin Pre-Order in the cart
2021-04-28 11:02:54 -0600	 <font color="red">______FAILURE!!! Previous line failed-Continuing on__________</font>
2021-04-28 11:02:55 -0600	-->Clicking on product number 10572  Description: <br><font color ="blue"> Compostable Product1
$5.00 </font>
2021-04-28 11:03:01 -0600	V______Teardown section_________V
2021-04-28 11:03:01 -0600	Current URL = https://integration.deliverybizpro.com/summary.php?go=products&12
2021-04-28 11:03:01 -0600	Final_ Saved a screenshot at /Users/cgoodnight/Documents/Automation/logs/4_28_2021\\Final__NewUserRemoveItemsFromCart_Add2Newresults4_28_2021_11_2.txt_0.png 
2021-04-28 11:03:06 -0600	___________________________________________________________
2021-04-28 11:03:06 -0600	<font color ="red">Test case failed with the following errors.</font>
2021-04-28 11:03:06 -0600	<font color ="red">failure 0 </font> -> Cristina's box not removed from the cart </font>
2021-04-28 11:03:06 -0600	<font color ="red">failure 1 </font> -> Dustin Pre-Order not removed from the cart </font>
2021-04-28 11:03:06 -0600	View http://dexw5171.hr-applprep.de:8000/specifictest?1
2021-04-28 11:03:06 -0600	<font color ="red">NewUserRemoveItemsFromCart_Add2New.rb failed </font>
